{
  "stats": {
    "suites": 4,
    "tests": 11,
    "passes": 11,
    "pending": 0,
    "failures": 0,
    "testsRegistered": 11,
    "passPercent": 100,
    "pendingPercent": 0,
    "other": 0,
    "hasOther": false,
    "skipped": 0,
    "hasSkipped": false,
    "start": "2023-10-04T19:13:52.532Z",
    "end": "2023-10-04T19:14:39.525Z",
    "duration": 46993
  },
  "results": [
    {
      "uuid": "b22d3632-fddf-4e16-b56d-14a58c6d4ed7",
      "title": "",
      "fullFile": "cypress/e2e/first.spec.js",
      "file": "cypress/e2e/first.spec.js",
      "beforeHooks": [],
      "afterHooks": [],
      "tests": [
        {
          "title": "second task",
          "fullTitle": "second task",
          "timedOut": null,
          "duration": 2734,
          "state": "passed",
          "speed": "fast",
          "pass": true,
          "fail": false,
          "pending": false,
          "context": null,
          "code": "cy.visit(\"/pages\");\n// cy.get(\"[title='Layout']\").click()\ncy.get('.menu-title').contains('Layout').click();\ncy.contains('Accordion').click();\ncy.contains('A nebula is an interstellar cloud of dust, hydrogen').should('be.hidden');\ncy.contains('Toggle First Item').click({\n  force: true\n});\ncy.contains('A nebula is an interstellar cloud of dust, hydrogen').should('be.visible');",
          "err": {},
          "uuid": "f12b8c28-41e1-49bf-aa23-ad7bd802caec",
          "parentUUID": "b22d3632-fddf-4e16-b56d-14a58c6d4ed7",
          "isHook": false,
          "skipped": false
        },
        {
          "title": "third task",
          "fullTitle": "third task",
          "timedOut": null,
          "duration": 2192,
          "state": "passed",
          "speed": "fast",
          "pass": true,
          "fail": false,
          "pending": false,
          "context": null,
          "code": "cy.visit(\"/pages\");\ncy.get(\"[title = 'Modal & Overlays']\").click();\ncy.contains('Popover').click();\ncy.contains('Right').trigger('mouseenter');\ncy.get('[nbpopover]').should('be.visible', {\n  timeout: 10000\n});\ncy.get('[nbpopover]').should('have.attr', 'nbpopover', 'Hello, how are you today?');",
          "err": {},
          "uuid": "59f521d6-6db2-442a-9b3f-2796bb86b4e1",
          "parentUUID": "b22d3632-fddf-4e16-b56d-14a58c6d4ed7",
          "isHook": false,
          "skipped": false
        },
        {
          "title": "fourth task",
          "fullTitle": "fourth task",
          "timedOut": null,
          "duration": 1959,
          "state": "passed",
          "speed": "fast",
          "pass": true,
          "fail": false,
          "pending": false,
          "context": null,
          "code": "cy.visit(\"/pages/modal-overlays/dialog\");\ncy.contains('Enter Name').click();\ncy.get(\"[placeholder='Name']\").type('Vika');\ncy.contains('Submit').click();\n// cy.contains('Enter Name').click()\n// cy.get(\"[placeholder='Name']\").type('Alex')\n// cy.contains('Submit').click()\n// cy.contains('Enter Name').click()\n// cy.get(\"[placeholder='Name']\").type('Ann')\n//cy.contains('Submit').click()\ncy.get('h3:contains(\"Names\")').next('ul').find('li:contains(\"Vika\")').should('exist');",
          "err": {},
          "uuid": "98bb2fbe-280d-44cb-a5e6-ac0c551abe7b",
          "parentUUID": "b22d3632-fddf-4e16-b56d-14a58c6d4ed7",
          "isHook": false,
          "skipped": false
        }
      ],
      "suites": [
        {
          "uuid": "b40e95fb-7733-4442-bfa6-831f273dce87",
          "title": "First Suite",
          "fullFile": "",
          "file": "",
          "beforeHooks": [],
          "afterHooks": [],
          "tests": [
            {
              "title": "first task",
              "fullTitle": "First Suite first task",
              "timedOut": null,
              "duration": 2836,
              "state": "passed",
              "speed": "fast",
              "pass": true,
              "fail": false,
              "pending": false,
              "context": null,
              "code": "const colors = {\n  \"Light\": \"rgb(255, 255, 255)\",\n  \"Dark\": \"rgb(34, 43, 69)\",\n  \"Cosmic\": \"rgb(50, 50, 89)\",\n  \"Corporate\": \"rgb(255, 255, 255)\"\n};\ncy.visit(\"/pages\");\ncy.get(\"[data-name='chevron-down']\").should(\"exist\").click();\ncy.contains('Dark').click();\ncy.get(\"nb-layout-header nav\").should(\"have.css\", \"background-color\", colors[\"Dark\"]);\ncy.get(\"[data-name='chevron-down']\").should(\"exist\").click();\ncy.contains('Cosmic').click();\ncy.get(\"nb-layout-header nav\").should(\"have.css\", \"background-color\", colors[\"Cosmic\"]);\ncy.get(\"[data-name='chevron-down']\").should(\"exist\").click();\ncy.contains('Corporate').click();\ncy.get(\"nb-layout-header nav\").should(\"have.css\", \"background-color\", colors[\"Corporate\"]);\ncy.get(\"[data-name='chevron-down']\").should(\"exist\").click();\ncy.contains('Light').click();\ncy.get(\"nb-layout-header nav\").should(\"have.css\", \"background-color\", colors[\"Light\"]);\n//(($element) => {\n// const backgroundColor = window.getComputedStyle($element[0]).backgroundColor;\n// expect(backgroundColor).to.equal(colors[\"Dark\"]);",
              "err": {},
              "uuid": "a088e6f8-e80e-43cb-b4a7-b0f9af7cf3f4",
              "parentUUID": "b40e95fb-7733-4442-bfa6-831f273dce87",
              "isHook": false,
              "skipped": false
            }
          ],
          "suites": [],
          "passes": [
            "a088e6f8-e80e-43cb-b4a7-b0f9af7cf3f4"
          ],
          "failures": [],
          "pending": [],
          "skipped": [],
          "duration": 2836,
          "root": false,
          "rootEmpty": false,
          "_timeout": 2000
        }
      ],
      "passes": [
        "f12b8c28-41e1-49bf-aa23-ad7bd802caec",
        "59f521d6-6db2-442a-9b3f-2796bb86b4e1",
        "98bb2fbe-280d-44cb-a5e6-ac0c551abe7b"
      ],
      "failures": [],
      "pending": [],
      "skipped": [],
      "duration": 6885,
      "root": true,
      "rootEmpty": false,
      "_timeout": 2000
    },
    {
      "uuid": "499efcc3-97fa-4bd2-bf47-8ca5f54fe8e1",
      "title": "",
      "fullFile": "cypress/e2e/loginPageTests.spec.js",
      "file": "cypress/e2e/loginPageTests.spec.js",
      "beforeHooks": [],
      "afterHooks": [],
      "tests": [],
      "suites": [
        {
          "uuid": "f1c844c8-4625-4b97-8fe5-efd370d86ac7",
          "title": "Login tests",
          "fullFile": "",
          "file": "",
          "beforeHooks": [],
          "afterHooks": [],
          "tests": [
            {
              "title": "first task-VALIDATION EMAIL",
              "fullTitle": "Login tests first task-VALIDATION EMAIL",
              "timedOut": null,
              "duration": 3412,
              "state": "passed",
              "speed": "fast",
              "pass": true,
              "fail": false,
              "pending": false,
              "context": null,
              "code": "cy.visit(\"/\");\ncy.contains(\"Auth\").click();\ncy.contains(\"Login\").click();\n_loginPage.default.elements.emailInput().click();\n_loginPage.default.elements.passwordInput().type(\"secretpass\");\ncy.get(\"nb-card-body\").click();\ncy.contains('Email is required!');\n_loginPage.default.elements.emailInput().type('new');\n_loginPage.default.elements.passwordInput().type(\"secretpass\");\ncy.get(\"nb-card-body\").click();\ncy.contains('Email should be the real one!');",
              "err": {},
              "uuid": "43b58934-76a1-416d-a9c1-4e3add6c6a03",
              "parentUUID": "f1c844c8-4625-4b97-8fe5-efd370d86ac7",
              "isHook": false,
              "skipped": false
            },
            {
              "title": "first task-VALIDATION Password",
              "fullTitle": "Login tests first task-VALIDATION Password",
              "timedOut": null,
              "duration": 6258,
              "state": "passed",
              "speed": "medium",
              "pass": true,
              "fail": false,
              "pending": false,
              "context": null,
              "code": "cy.visit(\"/\");\ncy.contains(\"Auth\").click();\ncy.contains(\"Login\").click();\n_loginPage.default.elements.passwordInput().type(\"no\");\ncy.get(\"nb-card-body\").click();\ncy.contains(\"Password should contain from 4 to 50 characters\");\n_loginPage.default.elements.passwordInput().clear();\n_loginPage.default.elements.emailInput().type(\"vika@gmail.com\");\ncy.contains(\"Login\").click();\ncy.contains(\"Password is required\");\n_loginPage.default.elements.passwordInput().type(\"verylongpassverylongpassverylongpassverylongpassverylongpassverylongpassverylongpassverylongpassverylongpassverylongpassverylongpassverylongpassverylongpassverylongpassverylongpassverylongpassverylongpassverylongpass\");\ncy.contains(\"Login\").click();\n_loginPage.default.elements.passwordInput().invoke(\"prop\", \"value\").should(\"have.length\", 50);",
              "err": {},
              "uuid": "6993f467-1b35-4474-8fb5-84f5c7f1f1a4",
              "parentUUID": "f1c844c8-4625-4b97-8fe5-efd370d86ac7",
              "isHook": false,
              "skipped": false
            },
            {
              "title": "Second task - SUCCESSFULL LOGIN",
              "fullTitle": "Login tests Second task - SUCCESSFULL LOGIN",
              "timedOut": null,
              "duration": 5982,
              "state": "passed",
              "speed": "medium",
              "pass": true,
              "fail": false,
              "pending": false,
              "context": null,
              "code": "cy.visit(\"/\");\ncy.contains(\"Auth\").click();\ncy.contains(\"Login\").click();\n_loginPage.default.elements.emailInput().type(\"vika@gmail.com\");\n_loginPage.default.elements.passwordInput().type(\"secretpass\");\n_loginPage.default.elements.loginButton();\ncy.wait(2000);\ncy.get(\"[class='user-picture image ng-star-inserted']\").should(\"exist\");",
              "err": {},
              "uuid": "61b9993d-18ab-4119-9780-2004c5effd55",
              "parentUUID": "f1c844c8-4625-4b97-8fe5-efd370d86ac7",
              "isHook": false,
              "skipped": false
            },
            {
              "title": "'Forgot password' validation",
              "fullTitle": "Login tests 'Forgot password' validation",
              "timedOut": null,
              "duration": 2782,
              "state": "passed",
              "speed": "fast",
              "pass": true,
              "fail": false,
              "pending": false,
              "context": null,
              "code": "cy.visit(\"/\");\ncy.contains(\"Auth\").click();\ncy.contains(\"Login\").click();\n_loginPage.default.elements.forgotPass().click();\n_loginPage.default.elements.emailInput().click();\ncy.contains(\"Forgot Password\").click();\ncy.get('.caption').should('have.text', ' Email is required! ');\n_loginPage.default.elements.emailInput().type('new');\ncy.contains(\"Forgot Password\").click();\ncy.get('.caption').should('have.text', ' Email should be the real one! ');",
              "err": {},
              "uuid": "a8921ab8-fa67-47bd-8b08-a94ed87e4b5d",
              "parentUUID": "f1c844c8-4625-4b97-8fe5-efd370d86ac7",
              "isHook": false,
              "skipped": false
            }
          ],
          "suites": [],
          "passes": [
            "43b58934-76a1-416d-a9c1-4e3add6c6a03",
            "6993f467-1b35-4474-8fb5-84f5c7f1f1a4",
            "61b9993d-18ab-4119-9780-2004c5effd55",
            "a8921ab8-fa67-47bd-8b08-a94ed87e4b5d"
          ],
          "failures": [],
          "pending": [],
          "skipped": [],
          "duration": 18434,
          "root": false,
          "rootEmpty": false,
          "_timeout": 2000
        }
      ],
      "passes": [],
      "failures": [],
      "pending": [],
      "skipped": [],
      "duration": 0,
      "root": true,
      "rootEmpty": true,
      "_timeout": 2000
    },
    {
      "uuid": "56ac5c72-39dc-4c79-bfb3-96c136e17cd2",
      "title": "",
      "fullFile": "cypress/e2e/registerTests.spec.js",
      "file": "cypress/e2e/registerTests.spec.js",
      "beforeHooks": [],
      "afterHooks": [],
      "tests": [],
      "suites": [
        {
          "uuid": "255fbf3f-c050-4de7-90bb-140a0731f3ae",
          "title": "Register tests",
          "fullFile": "",
          "file": "",
          "beforeHooks": [],
          "afterHooks": [],
          "tests": [
            {
              "title": "SUCCESSFULL REGISTRATION",
              "fullTitle": "Register tests SUCCESSFULL REGISTRATION",
              "timedOut": null,
              "duration": 6593,
              "state": "passed",
              "speed": "medium",
              "pass": true,
              "fail": false,
              "pending": false,
              "context": null,
              "code": "cy.visit(\"auth/register\");\n_registerPage.default.elements.fullName().click().type('Vika');\n_registerPage.default.elements.email().click().type('vika@gmail.com');\n_registerPage.default.elements.password().click().type('qwerty');\n_registerPage.default.elements.repeatPassword().click().type('qwerty');\n_registerPage.default.elements.agreeCheckbox().click();\n_registerPage.default.elements.registerButton().click();\ncy.wait(2000);\ncy.get(\"[class='user-picture image ng-star-inserted']\").should(\"exist\");",
              "err": {},
              "uuid": "e47b125e-9435-4f66-b044-6dc18e0a639c",
              "parentUUID": "255fbf3f-c050-4de7-90bb-140a0731f3ae",
              "isHook": false,
              "skipped": false
            },
            {
              "title": "Validation REGISTRATION",
              "fullTitle": "Register tests Validation REGISTRATION",
              "timedOut": null,
              "duration": 2479,
              "state": "passed",
              "speed": "fast",
              "pass": true,
              "fail": false,
              "pending": false,
              "context": null,
              "code": "cy.visit(\"auth/register\");\n_registerPage.default.elements.fullName().click().type('Vi');\ncy.get(\"nb-card-body\").click().should(\"contain\", \"Full name should contains from 4 to 50 characters\");\n_registerPage.default.elements.email().click().type('Vi');\ncy.get(\"nb-card-body\").click().should(\"contain\", \"Email should be the real one!\");\n_registerPage.default.elements.password().click().type('Vi');\ncy.get(\"nb-card-body\").click().should(\"contain\", \"Password should contain from 4 to 50 characters\");\n_registerPage.default.elements.password().click().type('Vika123');\n_registerPage.default.elements.repeatPassword().click().type('Vika13');\ncy.get(\"nb-card-body\").click();\n_registerPage.default.elements.repeatPassword().should('have.css', 'border-color', 'rgb(255, 61, 113)');\n_registerPage.default.elements.repeatPassword().clear();\ncy.get(\"nb-card-body\").click().should(\"contain\", \"Password confirmation is required!\");\n_registerPage.default.elements.registerButton().should('have.attr', 'disabled');",
              "err": {},
              "uuid": "ce7568f4-9ea5-4f81-be00-e72f33e68aff",
              "parentUUID": "255fbf3f-c050-4de7-90bb-140a0731f3ae",
              "isHook": false,
              "skipped": false
            }
          ],
          "suites": [],
          "passes": [
            "e47b125e-9435-4f66-b044-6dc18e0a639c",
            "ce7568f4-9ea5-4f81-be00-e72f33e68aff"
          ],
          "failures": [],
          "pending": [],
          "skipped": [],
          "duration": 9072,
          "root": false,
          "rootEmpty": false,
          "_timeout": 2000
        }
      ],
      "passes": [],
      "failures": [],
      "pending": [],
      "skipped": [],
      "duration": 0,
      "root": true,
      "rootEmpty": true,
      "_timeout": 2000
    },
    {
      "uuid": "012b00f1-eed3-4a19-965f-7f047004e542",
      "title": "",
      "fullFile": "cypress/e2e/dateTests.spec.js",
      "file": "cypress/e2e/dateTests.spec.js",
      "beforeHooks": [],
      "afterHooks": [],
      "tests": [],
      "suites": [
        {
          "uuid": "c7e441a0-22a2-49f3-b5a8-da8fabc1a922",
          "title": "Date tests",
          "fullFile": "",
          "file": "",
          "beforeHooks": [],
          "afterHooks": [],
          "tests": [
            {
              "title": "Check date",
              "fullTitle": "Date tests Check date",
              "timedOut": null,
              "duration": 2996,
              "state": "passed",
              "speed": "fast",
              "pass": true,
              "fail": false,
              "pending": false,
              "context": null,
              "code": "cy.visit(\"/pages\");\ncy.contains(\"Forms\").click();\n_datePickerPage.default.elements.datePickerMenu().click();\n_datePickerPage.default.elements.formPicker().click();\ncy.contains(\"Today\");\n_datePickerPage.default.elements.today().click;\n_datePickerPage.default.elements.formPicker().invoke(\"val\").then(input => {\n  const moment = __webpack_require__(/*! moment */ \"./node_modules/moment/moment.js\");\n  const inputDate = moment(input, \"MMM DD, YYYY\");\n  const today = moment();\n  expect(inputDate.isSame(today, \"day\")).to.be.true;\n});",
              "err": {},
              "uuid": "8eb3422a-5c5a-49c4-a9aa-1a79272c26f5",
              "parentUUID": "c7e441a0-22a2-49f3-b5a8-da8fabc1a922",
              "isHook": false,
              "skipped": false
            }
          ],
          "suites": [],
          "passes": [
            "8eb3422a-5c5a-49c4-a9aa-1a79272c26f5"
          ],
          "failures": [],
          "pending": [],
          "skipped": [],
          "duration": 2996,
          "root": false,
          "rootEmpty": false,
          "_timeout": 2000
        }
      ],
      "passes": [],
      "failures": [],
      "pending": [],
      "skipped": [],
      "duration": 0,
      "root": true,
      "rootEmpty": true,
      "_timeout": 2000
    }
  ],
  "meta": {
    "mocha": {
      "version": "7.0.1"
    },
    "mochawesome": {
      "options": {
        "quiet": false,
        "reportFilename": "mochawesome",
        "saveHtml": false,
        "saveJson": true,
        "consoleReporter": "spec",
        "useInlineDiffs": false,
        "code": true
      },
      "version": "7.1.3"
    },
    "marge": {
      "options": {
        "reportDir": "cypress/results",
        "overwrite": false,
        "html": false,
        "json": true
      },
      "version": "6.2.0"
    }
  }
}