{
  "stats": {
    "suites": 4,
    "tests": 11,
    "passes": 11,
    "pending": 0,
    "failures": 0,
    "testsRegistered": 11,
    "passPercent": 100,
    "pendingPercent": 0,
    "other": 0,
    "hasOther": false,
    "skipped": 0,
    "hasSkipped": false,
    "start": "2023-10-05T19:39:45.377Z",
    "end": "2023-10-05T19:40:30.138Z",
    "duration": 44761
  },
  "results": [
    {
      "uuid": "e360151d-6782-4791-a670-f9cb50e4ebd9",
      "title": "",
      "fullFile": "cypress/e2e/first.spec.js",
      "file": "cypress/e2e/first.spec.js",
      "beforeHooks": [],
      "afterHooks": [],
      "tests": [
        {
          "title": "second task",
          "fullTitle": "second task",
          "timedOut": null,
          "duration": 2544,
          "state": "passed",
          "speed": "fast",
          "pass": true,
          "fail": false,
          "pending": false,
          "context": null,
          "code": "cy.visit(\"/pages\");\n// cy.get(\"[title='Layout']\").click()\ncy.get('.menu-title').contains('Layout').click();\ncy.contains('Accordion').click();\ncy.contains('A nebula is an interstellar cloud of dust, hydrogen').should('be.hidden');\ncy.contains('Toggle First Item').click({\n  force: true\n});\ncy.contains('A nebula is an interstellar cloud of dust, hydrogen').should('be.visible');",
          "err": {},
          "uuid": "3e587933-1f42-44ad-9c88-b9c19e519db6",
          "parentUUID": "e360151d-6782-4791-a670-f9cb50e4ebd9",
          "isHook": false,
          "skipped": false
        },
        {
          "title": "third task",
          "fullTitle": "third task",
          "timedOut": null,
          "duration": 1950,
          "state": "passed",
          "speed": "fast",
          "pass": true,
          "fail": false,
          "pending": false,
          "context": null,
          "code": "cy.visit(\"/pages\");\ncy.get(\"[title = 'Modal & Overlays']\").click();\ncy.contains('Popover').click();\ncy.contains('Right').trigger('mouseenter');\ncy.get('[nbpopover]').should('be.visible', {\n  timeout: 10000\n});\ncy.get('[nbpopover]').should('have.attr', 'nbpopover', 'Hello, how are you today?');",
          "err": {},
          "uuid": "33b90284-4384-4b18-8a84-942233ae58e5",
          "parentUUID": "e360151d-6782-4791-a670-f9cb50e4ebd9",
          "isHook": false,
          "skipped": false
        },
        {
          "title": "fourth task",
          "fullTitle": "fourth task",
          "timedOut": null,
          "duration": 1636,
          "state": "passed",
          "speed": "fast",
          "pass": true,
          "fail": false,
          "pending": false,
          "context": null,
          "code": "cy.visit(\"/pages/modal-overlays/dialog\");\ncy.contains('Enter Name').click();\ncy.get(\"[placeholder='Name']\").type('Vika');\ncy.contains('Submit').click();\n// cy.contains('Enter Name').click()\n// cy.get(\"[placeholder='Name']\").type('Alex')\n// cy.contains('Submit').click()\n// cy.contains('Enter Name').click()\n// cy.get(\"[placeholder='Name']\").type('Ann')\n//cy.contains('Submit').click()\ncy.get('h3:contains(\"Names\")').next('ul').find('li:contains(\"Vika\")').should('exist');",
          "err": {},
          "uuid": "2d7a9792-e76c-46d2-8163-7907cd60564b",
          "parentUUID": "e360151d-6782-4791-a670-f9cb50e4ebd9",
          "isHook": false,
          "skipped": false
        }
      ],
      "suites": [
        {
          "uuid": "d7e7db14-d3bb-409e-bdf9-fdaccfdfda41",
          "title": "First Suite",
          "fullFile": "",
          "file": "",
          "beforeHooks": [],
          "afterHooks": [],
          "tests": [
            {
              "title": "first task",
              "fullTitle": "First Suite first task",
              "timedOut": null,
              "duration": 2551,
              "state": "passed",
              "speed": "fast",
              "pass": true,
              "fail": false,
              "pending": false,
              "context": null,
              "code": "const colors = {\n  \"Light\": \"rgb(255, 255, 255)\",\n  \"Dark\": \"rgb(34, 43, 69)\",\n  \"Cosmic\": \"rgb(50, 50, 89)\",\n  \"Corporate\": \"rgb(255, 255, 255)\"\n};\ncy.visit(\"/pages\");\ncy.get(\"[data-name='chevron-down']\").should(\"exist\").click();\ncy.contains('Dark').click();\ncy.get(\"nb-layout-header nav\").should(\"have.css\", \"background-color\", colors[\"Dark\"]);\ncy.get(\"[data-name='chevron-down']\").should(\"exist\").click();\ncy.contains('Cosmic').click();\ncy.get(\"nb-layout-header nav\").should(\"have.css\", \"background-color\", colors[\"Cosmic\"]);\ncy.get(\"[data-name='chevron-down']\").should(\"exist\").click();\ncy.contains('Corporate').click();\ncy.get(\"nb-layout-header nav\").should(\"have.css\", \"background-color\", colors[\"Corporate\"]);\ncy.get(\"[data-name='chevron-down']\").should(\"exist\").click();\ncy.contains('Light').click();\ncy.get(\"nb-layout-header nav\").should(\"have.css\", \"background-color\", colors[\"Light\"]);\n//(($element) => {\n// const backgroundColor = window.getComputedStyle($element[0]).backgroundColor;\n// expect(backgroundColor).to.equal(colors[\"Dark\"]);",
              "err": {},
              "uuid": "b2445677-5843-44bf-8065-320ee64dad0e",
              "parentUUID": "d7e7db14-d3bb-409e-bdf9-fdaccfdfda41",
              "isHook": false,
              "skipped": false
            }
          ],
          "suites": [],
          "passes": [
            "b2445677-5843-44bf-8065-320ee64dad0e"
          ],
          "failures": [],
          "pending": [],
          "skipped": [],
          "duration": 2551,
          "root": false,
          "rootEmpty": false,
          "_timeout": 2000
        }
      ],
      "passes": [
        "3e587933-1f42-44ad-9c88-b9c19e519db6",
        "33b90284-4384-4b18-8a84-942233ae58e5",
        "2d7a9792-e76c-46d2-8163-7907cd60564b"
      ],
      "failures": [],
      "pending": [],
      "skipped": [],
      "duration": 6130,
      "root": true,
      "rootEmpty": false,
      "_timeout": 2000
    },
    {
      "uuid": "62339460-bb21-496f-bd6b-aafe74a513c1",
      "title": "",
      "fullFile": "cypress/e2e/loginPageTests.spec.js",
      "file": "cypress/e2e/loginPageTests.spec.js",
      "beforeHooks": [],
      "afterHooks": [],
      "tests": [],
      "suites": [
        {
          "uuid": "91134f49-48d1-4ea4-92d7-a9b605667558",
          "title": "Login tests",
          "fullFile": "",
          "file": "",
          "beforeHooks": [],
          "afterHooks": [],
          "tests": [
            {
              "title": "first task-VALIDATION EMAIL",
              "fullTitle": "Login tests first task-VALIDATION EMAIL",
              "timedOut": null,
              "duration": 3590,
              "state": "passed",
              "speed": "fast",
              "pass": true,
              "fail": false,
              "pending": false,
              "context": null,
              "code": "cy.visit(\"/\");\ncy.contains(\"Auth\").click();\ncy.contains(\"Login\").click();\n_loginPage.default.elements.emailInput().click();\n_loginPage.default.elements.passwordInput().type(\"secretpass\");\ncy.get(\"nb-card-body\").click();\ncy.contains('Email is required!');\n_loginPage.default.elements.emailInput().type('new');\n_loginPage.default.elements.passwordInput().type(\"secretpass\");\ncy.get(\"nb-card-body\").click();\ncy.contains('Email should be the real one!');",
              "err": {},
              "uuid": "3a987405-bd6a-4264-bec6-3f0ec66549ed",
              "parentUUID": "91134f49-48d1-4ea4-92d7-a9b605667558",
              "isHook": false,
              "skipped": false
            },
            {
              "title": "first task-VALIDATION Password",
              "fullTitle": "Login tests first task-VALIDATION Password",
              "timedOut": null,
              "duration": 6106,
              "state": "passed",
              "speed": "medium",
              "pass": true,
              "fail": false,
              "pending": false,
              "context": null,
              "code": "cy.visit(\"/\");\ncy.contains(\"Auth\").click();\ncy.contains(\"Login\").click();\n_loginPage.default.elements.passwordInput().type(\"no\");\ncy.get(\"nb-card-body\").click();\ncy.contains(\"Password should contain from 4 to 50 characters\");\n_loginPage.default.elements.passwordInput().clear();\n_loginPage.default.elements.emailInput().type(\"vika@gmail.com\");\ncy.contains(\"Login\").click();\ncy.contains(\"Password is required\");\n_loginPage.default.elements.passwordInput().type(\"verylongpassverylongpassverylongpassverylongpassverylongpassverylongpassverylongpassverylongpassverylongpassverylongpassverylongpassverylongpassverylongpassverylongpassverylongpassverylongpassverylongpassverylongpass\");\ncy.contains(\"Login\").click();\n_loginPage.default.elements.passwordInput().invoke(\"prop\", \"value\").should(\"have.length\", 50);",
              "err": {},
              "uuid": "7f094573-b123-440a-968b-ab2ece43c66a",
              "parentUUID": "91134f49-48d1-4ea4-92d7-a9b605667558",
              "isHook": false,
              "skipped": false
            },
            {
              "title": "Second task - SUCCESSFULL LOGIN",
              "fullTitle": "Login tests Second task - SUCCESSFULL LOGIN",
              "timedOut": null,
              "duration": 5887,
              "state": "passed",
              "speed": "medium",
              "pass": true,
              "fail": false,
              "pending": false,
              "context": null,
              "code": "cy.visit(\"/\");\ncy.contains(\"Auth\").click();\ncy.contains(\"Login\").click();\n_loginPage.default.elements.emailInput().type(\"vika@gmail.com\");\n_loginPage.default.elements.passwordInput().type(\"secretpass\");\n_loginPage.default.elements.loginButton();\ncy.wait(2000);\ncy.get(\"[class='user-picture image ng-star-inserted']\").should(\"exist\");",
              "err": {},
              "uuid": "1d23978d-9d77-497e-8f3b-463ab01ed878",
              "parentUUID": "91134f49-48d1-4ea4-92d7-a9b605667558",
              "isHook": false,
              "skipped": false
            },
            {
              "title": "'Forgot password' validation",
              "fullTitle": "Login tests 'Forgot password' validation",
              "timedOut": null,
              "duration": 2514,
              "state": "passed",
              "speed": "fast",
              "pass": true,
              "fail": false,
              "pending": false,
              "context": null,
              "code": "cy.visit(\"/\");\ncy.contains(\"Auth\").click();\ncy.contains(\"Login\").click();\n_loginPage.default.elements.forgotPass().click();\n_loginPage.default.elements.emailInput().click();\ncy.contains(\"Forgot Password\").click();\ncy.get('.caption').should('have.text', ' Email is required! ');\n_loginPage.default.elements.emailInput().type('new');\ncy.contains(\"Forgot Password\").click();\ncy.get('.caption').should('have.text', ' Email should be the real one! ');",
              "err": {},
              "uuid": "eb41641c-8edf-4de2-bb95-69f00dc0cef0",
              "parentUUID": "91134f49-48d1-4ea4-92d7-a9b605667558",
              "isHook": false,
              "skipped": false
            }
          ],
          "suites": [],
          "passes": [
            "3a987405-bd6a-4264-bec6-3f0ec66549ed",
            "7f094573-b123-440a-968b-ab2ece43c66a",
            "1d23978d-9d77-497e-8f3b-463ab01ed878",
            "eb41641c-8edf-4de2-bb95-69f00dc0cef0"
          ],
          "failures": [],
          "pending": [],
          "skipped": [],
          "duration": 18097,
          "root": false,
          "rootEmpty": false,
          "_timeout": 2000
        }
      ],
      "passes": [],
      "failures": [],
      "pending": [],
      "skipped": [],
      "duration": 0,
      "root": true,
      "rootEmpty": true,
      "_timeout": 2000
    },
    {
      "uuid": "de4a0dfc-9fd8-4175-bad4-3099c76d52ac",
      "title": "",
      "fullFile": "cypress/e2e/registerTests.spec.js",
      "file": "cypress/e2e/registerTests.spec.js",
      "beforeHooks": [],
      "afterHooks": [],
      "tests": [],
      "suites": [
        {
          "uuid": "5548ae24-88bb-47f7-964c-da4db817cfd5",
          "title": "Register tests",
          "fullFile": "",
          "file": "",
          "beforeHooks": [],
          "afterHooks": [],
          "tests": [
            {
              "title": "SUCCESSFULL REGISTRATION",
              "fullTitle": "Register tests SUCCESSFULL REGISTRATION",
              "timedOut": null,
              "duration": 6486,
              "state": "passed",
              "speed": "medium",
              "pass": true,
              "fail": false,
              "pending": false,
              "context": null,
              "code": "cy.visit(\"auth/register\");\n_registerPage.default.elements.fullName().click().type('Vika');\n_registerPage.default.elements.email().click().type('vika@gmail.com');\n_registerPage.default.elements.password().click().type('qwerty');\n_registerPage.default.elements.repeatPassword().click().type('qwerty');\n_registerPage.default.elements.agreeCheckbox().click();\n_registerPage.default.elements.registerButton().click();\ncy.wait(2000);\ncy.get(\"[class='user-picture image ng-star-inserted']\").should(\"exist\");",
              "err": {},
              "uuid": "b23c4fae-ea34-47bc-8aec-4ca1a8a96698",
              "parentUUID": "5548ae24-88bb-47f7-964c-da4db817cfd5",
              "isHook": false,
              "skipped": false
            },
            {
              "title": "Validation REGISTRATION",
              "fullTitle": "Register tests Validation REGISTRATION",
              "timedOut": null,
              "duration": 2363,
              "state": "passed",
              "speed": "fast",
              "pass": true,
              "fail": false,
              "pending": false,
              "context": null,
              "code": "cy.visit(\"auth/register\");\n_registerPage.default.elements.fullName().click().type('Vi');\ncy.get(\"nb-card-body\").click().should(\"contain\", \"Full name should contains from 4 to 50 characters\");\n_registerPage.default.elements.email().click().type('Vi');\ncy.get(\"nb-card-body\").click().should(\"contain\", \"Email should be the real one!\");\n_registerPage.default.elements.password().click().type('Vi');\ncy.get(\"nb-card-body\").click().should(\"contain\", \"Password should contain from 4 to 50 characters\");\n_registerPage.default.elements.password().click().type('Vika123');\n_registerPage.default.elements.repeatPassword().click().type('Vika13');\ncy.get(\"nb-card-body\").click();\n_registerPage.default.elements.repeatPassword().should('have.css', 'border-color', 'rgb(255, 61, 113)');\n_registerPage.default.elements.repeatPassword().clear();\ncy.get(\"nb-card-body\").click().should(\"contain\", \"Password confirmation is required!\");\n_registerPage.default.elements.registerButton().should('have.attr', 'disabled');",
              "err": {},
              "uuid": "28fab6db-b59c-4fcd-9ced-e2f962344aa0",
              "parentUUID": "5548ae24-88bb-47f7-964c-da4db817cfd5",
              "isHook": false,
              "skipped": false
            }
          ],
          "suites": [],
          "passes": [
            "b23c4fae-ea34-47bc-8aec-4ca1a8a96698",
            "28fab6db-b59c-4fcd-9ced-e2f962344aa0"
          ],
          "failures": [],
          "pending": [],
          "skipped": [],
          "duration": 8849,
          "root": false,
          "rootEmpty": false,
          "_timeout": 2000
        }
      ],
      "passes": [],
      "failures": [],
      "pending": [],
      "skipped": [],
      "duration": 0,
      "root": true,
      "rootEmpty": true,
      "_timeout": 2000
    },
    {
      "uuid": "866896db-390f-4af3-b8f6-516d867e9e23",
      "title": "",
      "fullFile": "cypress/e2e/dateTests.spec.js",
      "file": "cypress/e2e/dateTests.spec.js",
      "beforeHooks": [],
      "afterHooks": [],
      "tests": [],
      "suites": [
        {
          "uuid": "d4f201a5-37a3-4329-9525-71061b51fdd1",
          "title": "Date tests",
          "fullFile": "",
          "file": "",
          "beforeHooks": [],
          "afterHooks": [],
          "tests": [
            {
              "title": "Check date",
              "fullTitle": "Date tests Check date",
              "timedOut": null,
              "duration": 2832,
              "state": "passed",
              "speed": "fast",
              "pass": true,
              "fail": false,
              "pending": false,
              "context": null,
              "code": "cy.visit(\"/pages\");\ncy.contains(\"Forms\").click();\n_datePickerPage.default.elements.datePickerMenu().click();\n_datePickerPage.default.elements.formPicker().click();\ncy.contains(\"Today\");\n_datePickerPage.default.elements.today().click;\n_datePickerPage.default.elements.formPicker().invoke(\"val\").then(input => {\n  const moment = __webpack_require__(/*! moment */ \"./node_modules/moment/moment.js\");\n  const inputDate = moment(input, \"MMM DD, YYYY\");\n  const today = moment();\n  expect(inputDate.isSame(today, \"day\")).to.be.true;\n});",
              "err": {},
              "uuid": "c5fd197b-86d4-4ea2-8bac-25f15fb8c2e7",
              "parentUUID": "d4f201a5-37a3-4329-9525-71061b51fdd1",
              "isHook": false,
              "skipped": false
            }
          ],
          "suites": [],
          "passes": [
            "c5fd197b-86d4-4ea2-8bac-25f15fb8c2e7"
          ],
          "failures": [],
          "pending": [],
          "skipped": [],
          "duration": 2832,
          "root": false,
          "rootEmpty": false,
          "_timeout": 2000
        }
      ],
      "passes": [],
      "failures": [],
      "pending": [],
      "skipped": [],
      "duration": 0,
      "root": true,
      "rootEmpty": true,
      "_timeout": 2000
    }
  ],
  "meta": {
    "mocha": {
      "version": "7.0.1"
    },
    "mochawesome": {
      "options": {
        "quiet": false,
        "reportFilename": "mochawesome",
        "saveHtml": false,
        "saveJson": true,
        "consoleReporter": "spec",
        "useInlineDiffs": false,
        "code": true
      },
      "version": "7.1.3"
    },
    "marge": {
      "options": {
        "reportDir": "cypress/results",
        "overwrite": false,
        "html": false,
        "json": true
      },
      "version": "6.2.0"
    }
  }
}