{
  "stats": {
    "suites": 1,
    "tests": 1,
    "passes": 1,
    "pending": 0,
    "failures": 0,
    "start": "2023-10-05T09:23:34.928Z",
    "end": "2023-10-05T09:23:38.013Z",
    "duration": 3085,
    "testsRegistered": 1,
    "passPercent": 100,
    "pendingPercent": 0,
    "other": 0,
    "hasOther": false,
    "skipped": 0,
    "hasSkipped": false
  },
  "results": [
    {
      "uuid": "20947f57-8579-40de-827b-6f1c709e0907",
      "title": "",
      "fullFile": "cypress/e2e/dateTests.spec.js",
      "file": "cypress/e2e/dateTests.spec.js",
      "beforeHooks": [],
      "afterHooks": [],
      "tests": [],
      "suites": [
        {
          "uuid": "4b4f5b98-9b05-49e4-9dbd-16f336ff0f27",
          "title": "Date tests",
          "fullFile": "",
          "file": "",
          "beforeHooks": [],
          "afterHooks": [],
          "tests": [
            {
              "title": "Check date",
              "fullTitle": "Date tests Check date",
              "timedOut": null,
              "duration": 3019,
              "state": "passed",
              "speed": "fast",
              "pass": true,
              "fail": false,
              "pending": false,
              "context": null,
              "code": "cy.visit(\"/pages\");\ncy.contains(\"Forms\").click();\n_datePickerPage.default.elements.datePickerMenu().click();\n_datePickerPage.default.elements.formPicker().click();\ncy.contains(\"Today\");\n_datePickerPage.default.elements.today().click;\n_datePickerPage.default.elements.formPicker().invoke(\"val\").then(input => {\n  const moment = __webpack_require__(/*! moment */ \"./node_modules/moment/moment.js\");\n  const inputDate = moment(input, \"MMM DD, YYYY\");\n  const today = moment();\n  expect(inputDate.isSame(today, \"day\")).to.be.true;\n});",
              "err": {},
              "uuid": "8761eaf5-3282-4dab-bc6f-732823b60b57",
              "parentUUID": "4b4f5b98-9b05-49e4-9dbd-16f336ff0f27",
              "isHook": false,
              "skipped": false
            }
          ],
          "suites": [],
          "passes": [
            "8761eaf5-3282-4dab-bc6f-732823b60b57"
          ],
          "failures": [],
          "pending": [],
          "skipped": [],
          "duration": 3019,
          "root": false,
          "rootEmpty": false,
          "_timeout": 2000
        }
      ],
      "passes": [],
      "failures": [],
      "pending": [],
      "skipped": [],
      "duration": 0,
      "root": true,
      "rootEmpty": true,
      "_timeout": 2000
    }
  ],
  "meta": {
    "mocha": {
      "version": "7.0.1"
    },
    "mochawesome": {
      "options": {
        "quiet": false,
        "reportFilename": "mochawesome",
        "saveHtml": false,
        "saveJson": true,
        "consoleReporter": "spec",
        "useInlineDiffs": false,
        "code": true
      },
      "version": "7.1.3"
    },
    "marge": {
      "options": {
        "reportDir": "cypress/results",
        "overwrite": false,
        "html": false,
        "json": true
      },
      "version": "6.2.0"
    }
  }
}