{
  "stats": {
    "suites": 1,
    "tests": 4,
    "passes": 4,
    "pending": 0,
    "failures": 0,
    "start": "2023-10-04T10:31:39.233Z",
    "end": "2023-10-04T10:31:57.304Z",
    "duration": 18071,
    "testsRegistered": 4,
    "passPercent": 100,
    "pendingPercent": 0,
    "other": 0,
    "hasOther": false,
    "skipped": 0,
    "hasSkipped": false
  },
  "results": [
    {
      "uuid": "51aae7b8-5b79-4c20-a2b7-394f5f112954",
      "title": "",
      "fullFile": "cypress/e2e/loginPageTests.spec.js",
      "file": "cypress/e2e/loginPageTests.spec.js",
      "beforeHooks": [],
      "afterHooks": [],
      "tests": [],
      "suites": [
        {
          "uuid": "dbadd67f-4139-4751-b658-5c1b1533cb0d",
          "title": "Login tests",
          "fullFile": "",
          "file": "",
          "beforeHooks": [],
          "afterHooks": [],
          "tests": [
            {
              "title": "first task-VALIDATION EMAIL",
              "fullTitle": "Login tests first task-VALIDATION EMAIL",
              "timedOut": null,
              "duration": 3487,
              "state": "passed",
              "speed": "fast",
              "pass": true,
              "fail": false,
              "pending": false,
              "context": null,
              "code": "cy.visit(\"/\");\ncy.contains(\"Auth\").click();\ncy.contains(\"Login\").click();\n_loginPage.default.elements.emailInput().click();\n_loginPage.default.elements.passwordInput().type(\"secretpass\");\ncy.get(\"nb-card-body\").click();\ncy.contains('Email is required!');\n_loginPage.default.elements.emailInput().type('new');\n_loginPage.default.elements.passwordInput().type(\"secretpass\");\ncy.get(\"nb-card-body\").click();\ncy.contains('Email should be the real one!');",
              "err": {},
              "uuid": "a0af178a-bccf-4b1b-8705-42a571769b29",
              "parentUUID": "dbadd67f-4139-4751-b658-5c1b1533cb0d",
              "isHook": false,
              "skipped": false
            },
            {
              "title": "first task-VALIDATION Password",
              "fullTitle": "Login tests first task-VALIDATION Password",
              "timedOut": null,
              "duration": 5950,
              "state": "passed",
              "speed": "medium",
              "pass": true,
              "fail": false,
              "pending": false,
              "context": null,
              "code": "cy.visit(\"/\");\ncy.contains(\"Auth\").click();\ncy.contains(\"Login\").click();\n_loginPage.default.elements.passwordInput().type(\"no\");\ncy.get(\"nb-card-body\").click();\ncy.contains(\"Password should contain from 4 to 50 characters\");\n_loginPage.default.elements.passwordInput().clear();\n_loginPage.default.elements.emailInput().type(\"vika@gmail.com\");\ncy.contains(\"Login\").click();\ncy.contains(\"Password is required\");\n_loginPage.default.elements.passwordInput().type(\"verylongpassverylongpassverylongpassverylongpassverylongpassverylongpassverylongpassverylongpassverylongpassverylongpassverylongpassverylongpassverylongpassverylongpassverylongpassverylongpassverylongpassverylongpass\");\ncy.contains(\"Login\").click();\n_loginPage.default.elements.passwordInput().invoke(\"prop\", \"value\").should(\"have.length\", 50);",
              "err": {},
              "uuid": "eb2cf5e4-f92c-4da8-9d62-8b9a57fcca46",
              "parentUUID": "dbadd67f-4139-4751-b658-5c1b1533cb0d",
              "isHook": false,
              "skipped": false
            },
            {
              "title": "Second task - SUCCESSFULL LOGIN",
              "fullTitle": "Login tests Second task - SUCCESSFULL LOGIN",
              "timedOut": null,
              "duration": 5777,
              "state": "passed",
              "speed": "medium",
              "pass": true,
              "fail": false,
              "pending": false,
              "context": null,
              "code": "cy.visit(\"/\");\ncy.contains(\"Auth\").click();\ncy.contains(\"Login\").click();\n_loginPage.default.elements.emailInput().type(\"vika@gmail.com\");\n_loginPage.default.elements.passwordInput().type(\"secretpass\");\n_loginPage.default.elements.loginButton();\ncy.wait(2000);\ncy.get(\"[class='user-picture image ng-star-inserted']\").should(\"exist\");",
              "err": {},
              "uuid": "2e7916b5-5b71-4326-9ce5-454d9d38e5b3",
              "parentUUID": "dbadd67f-4139-4751-b658-5c1b1533cb0d",
              "isHook": false,
              "skipped": false
            },
            {
              "title": "'Forgot password' validation",
              "fullTitle": "Login tests 'Forgot password' validation",
              "timedOut": null,
              "duration": 2664,
              "state": "passed",
              "speed": "fast",
              "pass": true,
              "fail": false,
              "pending": false,
              "context": null,
              "code": "cy.visit(\"/\");\ncy.contains(\"Auth\").click();\ncy.contains(\"Login\").click();\n_loginPage.default.elements.forgotPass().click();\n_loginPage.default.elements.emailInput().click();\ncy.contains(\"Forgot Password\").click();\ncy.get('.caption').should('have.text', ' Email is required! ');\n_loginPage.default.elements.emailInput().type('new');\ncy.contains(\"Forgot Password\").click();\ncy.get('.caption').should('have.text', ' Email should be the real one! ');",
              "err": {},
              "uuid": "366df826-5764-45f4-bd90-205d343ced55",
              "parentUUID": "dbadd67f-4139-4751-b658-5c1b1533cb0d",
              "isHook": false,
              "skipped": false
            }
          ],
          "suites": [],
          "passes": [
            "a0af178a-bccf-4b1b-8705-42a571769b29",
            "eb2cf5e4-f92c-4da8-9d62-8b9a57fcca46",
            "2e7916b5-5b71-4326-9ce5-454d9d38e5b3",
            "366df826-5764-45f4-bd90-205d343ced55"
          ],
          "failures": [],
          "pending": [],
          "skipped": [],
          "duration": 17878,
          "root": false,
          "rootEmpty": false,
          "_timeout": 2000
        }
      ],
      "passes": [],
      "failures": [],
      "pending": [],
      "skipped": [],
      "duration": 0,
      "root": true,
      "rootEmpty": true,
      "_timeout": 2000
    }
  ],
  "meta": {
    "mocha": {
      "version": "7.0.1"
    },
    "mochawesome": {
      "options": {
        "quiet": false,
        "reportFilename": "mochawesome",
        "saveHtml": false,
        "saveJson": true,
        "consoleReporter": "spec",
        "useInlineDiffs": false,
        "code": true
      },
      "version": "7.1.3"
    },
    "marge": {
      "options": {
        "reportDir": "cypress/results",
        "overwrite": false,
        "html": false,
        "json": true
      },
      "version": "6.2.0"
    }
  }
}