{
  "stats": {
    "suites": 1,
    "tests": 4,
    "passes": 4,
    "pending": 0,
    "failures": 0,
    "start": "2023-10-05T19:39:50.121Z",
    "end": "2023-10-05T19:39:58.984Z",
    "duration": 8863,
    "testsRegistered": 4,
    "passPercent": 100,
    "pendingPercent": 0,
    "other": 0,
    "hasOther": false,
    "skipped": 0,
    "hasSkipped": false
  },
  "results": [
    {
      "uuid": "e360151d-6782-4791-a670-f9cb50e4ebd9",
      "title": "",
      "fullFile": "cypress/e2e/first.spec.js",
      "file": "cypress/e2e/first.spec.js",
      "beforeHooks": [],
      "afterHooks": [],
      "tests": [
        {
          "title": "second task",
          "fullTitle": "second task",
          "timedOut": null,
          "duration": 2544,
          "state": "passed",
          "speed": "fast",
          "pass": true,
          "fail": false,
          "pending": false,
          "context": null,
          "code": "cy.visit(\"/pages\");\n// cy.get(\"[title='Layout']\").click()\ncy.get('.menu-title').contains('Layout').click();\ncy.contains('Accordion').click();\ncy.contains('A nebula is an interstellar cloud of dust, hydrogen').should('be.hidden');\ncy.contains('Toggle First Item').click({\n  force: true\n});\ncy.contains('A nebula is an interstellar cloud of dust, hydrogen').should('be.visible');",
          "err": {},
          "uuid": "3e587933-1f42-44ad-9c88-b9c19e519db6",
          "parentUUID": "e360151d-6782-4791-a670-f9cb50e4ebd9",
          "isHook": false,
          "skipped": false
        },
        {
          "title": "third task",
          "fullTitle": "third task",
          "timedOut": null,
          "duration": 1950,
          "state": "passed",
          "speed": "fast",
          "pass": true,
          "fail": false,
          "pending": false,
          "context": null,
          "code": "cy.visit(\"/pages\");\ncy.get(\"[title = 'Modal & Overlays']\").click();\ncy.contains('Popover').click();\ncy.contains('Right').trigger('mouseenter');\ncy.get('[nbpopover]').should('be.visible', {\n  timeout: 10000\n});\ncy.get('[nbpopover]').should('have.attr', 'nbpopover', 'Hello, how are you today?');",
          "err": {},
          "uuid": "33b90284-4384-4b18-8a84-942233ae58e5",
          "parentUUID": "e360151d-6782-4791-a670-f9cb50e4ebd9",
          "isHook": false,
          "skipped": false
        },
        {
          "title": "fourth task",
          "fullTitle": "fourth task",
          "timedOut": null,
          "duration": 1636,
          "state": "passed",
          "speed": "fast",
          "pass": true,
          "fail": false,
          "pending": false,
          "context": null,
          "code": "cy.visit(\"/pages/modal-overlays/dialog\");\ncy.contains('Enter Name').click();\ncy.get(\"[placeholder='Name']\").type('Vika');\ncy.contains('Submit').click();\n// cy.contains('Enter Name').click()\n// cy.get(\"[placeholder='Name']\").type('Alex')\n// cy.contains('Submit').click()\n// cy.contains('Enter Name').click()\n// cy.get(\"[placeholder='Name']\").type('Ann')\n//cy.contains('Submit').click()\ncy.get('h3:contains(\"Names\")').next('ul').find('li:contains(\"Vika\")').should('exist');",
          "err": {},
          "uuid": "2d7a9792-e76c-46d2-8163-7907cd60564b",
          "parentUUID": "e360151d-6782-4791-a670-f9cb50e4ebd9",
          "isHook": false,
          "skipped": false
        }
      ],
      "suites": [
        {
          "uuid": "d7e7db14-d3bb-409e-bdf9-fdaccfdfda41",
          "title": "First Suite",
          "fullFile": "",
          "file": "",
          "beforeHooks": [],
          "afterHooks": [],
          "tests": [
            {
              "title": "first task",
              "fullTitle": "First Suite first task",
              "timedOut": null,
              "duration": 2551,
              "state": "passed",
              "speed": "fast",
              "pass": true,
              "fail": false,
              "pending": false,
              "context": null,
              "code": "const colors = {\n  \"Light\": \"rgb(255, 255, 255)\",\n  \"Dark\": \"rgb(34, 43, 69)\",\n  \"Cosmic\": \"rgb(50, 50, 89)\",\n  \"Corporate\": \"rgb(255, 255, 255)\"\n};\ncy.visit(\"/pages\");\ncy.get(\"[data-name='chevron-down']\").should(\"exist\").click();\ncy.contains('Dark').click();\ncy.get(\"nb-layout-header nav\").should(\"have.css\", \"background-color\", colors[\"Dark\"]);\ncy.get(\"[data-name='chevron-down']\").should(\"exist\").click();\ncy.contains('Cosmic').click();\ncy.get(\"nb-layout-header nav\").should(\"have.css\", \"background-color\", colors[\"Cosmic\"]);\ncy.get(\"[data-name='chevron-down']\").should(\"exist\").click();\ncy.contains('Corporate').click();\ncy.get(\"nb-layout-header nav\").should(\"have.css\", \"background-color\", colors[\"Corporate\"]);\ncy.get(\"[data-name='chevron-down']\").should(\"exist\").click();\ncy.contains('Light').click();\ncy.get(\"nb-layout-header nav\").should(\"have.css\", \"background-color\", colors[\"Light\"]);\n//(($element) => {\n// const backgroundColor = window.getComputedStyle($element[0]).backgroundColor;\n// expect(backgroundColor).to.equal(colors[\"Dark\"]);",
              "err": {},
              "uuid": "b2445677-5843-44bf-8065-320ee64dad0e",
              "parentUUID": "d7e7db14-d3bb-409e-bdf9-fdaccfdfda41",
              "isHook": false,
              "skipped": false
            }
          ],
          "suites": [],
          "passes": [
            "b2445677-5843-44bf-8065-320ee64dad0e"
          ],
          "failures": [],
          "pending": [],
          "skipped": [],
          "duration": 2551,
          "root": false,
          "rootEmpty": false,
          "_timeout": 2000
        }
      ],
      "passes": [
        "3e587933-1f42-44ad-9c88-b9c19e519db6",
        "33b90284-4384-4b18-8a84-942233ae58e5",
        "2d7a9792-e76c-46d2-8163-7907cd60564b"
      ],
      "failures": [],
      "pending": [],
      "skipped": [],
      "duration": 6130,
      "root": true,
      "rootEmpty": false,
      "_timeout": 2000
    }
  ],
  "meta": {
    "mocha": {
      "version": "7.0.1"
    },
    "mochawesome": {
      "options": {
        "quiet": false,
        "reportFilename": "mochawesome",
        "saveHtml": false,
        "saveJson": true,
        "consoleReporter": "spec",
        "useInlineDiffs": false,
        "code": true
      },
      "version": "7.1.3"
    },
    "marge": {
      "options": {
        "reportDir": "cypress/results",
        "overwrite": false,
        "html": false,
        "json": true
      },
      "version": "6.2.0"
    }
  }
}