{
  "stats": {
    "suites": 1,
    "tests": 4,
    "passes": 4,
    "pending": 0,
    "failures": 0,
    "start": "2023-10-05T18:03:54.505Z",
    "end": "2023-10-05T18:04:13.360Z",
    "duration": 18855,
    "testsRegistered": 4,
    "passPercent": 100,
    "pendingPercent": 0,
    "other": 0,
    "hasOther": false,
    "skipped": 0,
    "hasSkipped": false
  },
  "results": [
    {
      "uuid": "79121b71-f9ce-4791-be59-849e6d0cdaa3",
      "title": "",
      "fullFile": "cypress/e2e/loginPageTests.spec.js",
      "file": "cypress/e2e/loginPageTests.spec.js",
      "beforeHooks": [],
      "afterHooks": [],
      "tests": [],
      "suites": [
        {
          "uuid": "2d022aec-db93-49dc-89f9-ad5823a4367c",
          "title": "Login tests",
          "fullFile": "",
          "file": "",
          "beforeHooks": [],
          "afterHooks": [],
          "tests": [
            {
              "title": "first task-VALIDATION EMAIL",
              "fullTitle": "Login tests first task-VALIDATION EMAIL",
              "timedOut": null,
              "duration": 3739,
              "state": "passed",
              "speed": "fast",
              "pass": true,
              "fail": false,
              "pending": false,
              "context": null,
              "code": "cy.visit(\"/\");\ncy.contains(\"Auth\").click();\ncy.contains(\"Login\").click();\n_loginPage.default.elements.emailInput().click();\n_loginPage.default.elements.passwordInput().type(\"secretpass\");\ncy.get(\"nb-card-body\").click();\ncy.contains('Email is required!');\n_loginPage.default.elements.emailInput().type('new');\n_loginPage.default.elements.passwordInput().type(\"secretpass\");\ncy.get(\"nb-card-body\").click();\ncy.contains('Email should be the real one!');",
              "err": {},
              "uuid": "82753692-1d3a-4a05-b16f-c836cf1fe813",
              "parentUUID": "2d022aec-db93-49dc-89f9-ad5823a4367c",
              "isHook": false,
              "skipped": false
            },
            {
              "title": "first task-VALIDATION Password",
              "fullTitle": "Login tests first task-VALIDATION Password",
              "timedOut": null,
              "duration": 6025,
              "state": "passed",
              "speed": "medium",
              "pass": true,
              "fail": false,
              "pending": false,
              "context": null,
              "code": "cy.visit(\"/\");\ncy.contains(\"Auth\").click();\ncy.contains(\"Login\").click();\n_loginPage.default.elements.passwordInput().type(\"no\");\ncy.get(\"nb-card-body\").click();\ncy.contains(\"Password should contain from 4 to 50 characters\");\n_loginPage.default.elements.passwordInput().clear();\n_loginPage.default.elements.emailInput().type(\"vika@gmail.com\");\ncy.contains(\"Login\").click();\ncy.contains(\"Password is required\");\n_loginPage.default.elements.passwordInput().type(\"verylongpassverylongpassverylongpassverylongpassverylongpassverylongpassverylongpassverylongpassverylongpassverylongpassverylongpassverylongpassverylongpassverylongpassverylongpassverylongpassverylongpassverylongpass\");\ncy.contains(\"Login\").click();\n_loginPage.default.elements.passwordInput().invoke(\"prop\", \"value\").should(\"have.length\", 50);",
              "err": {},
              "uuid": "80100b7b-c4c1-4f19-bda8-049825abbbb2",
              "parentUUID": "2d022aec-db93-49dc-89f9-ad5823a4367c",
              "isHook": false,
              "skipped": false
            },
            {
              "title": "Second task - SUCCESSFULL LOGIN",
              "fullTitle": "Login tests Second task - SUCCESSFULL LOGIN",
              "timedOut": null,
              "duration": 5927,
              "state": "passed",
              "speed": "medium",
              "pass": true,
              "fail": false,
              "pending": false,
              "context": null,
              "code": "cy.visit(\"/\");\ncy.contains(\"Auth\").click();\ncy.contains(\"Login\").click();\n_loginPage.default.elements.emailInput().type(\"vika@gmail.com\");\n_loginPage.default.elements.passwordInput().type(\"secretpass\");\n_loginPage.default.elements.loginButton();\ncy.wait(2000);\ncy.get(\"[class='user-picture image ng-star-inserted']\").should(\"exist\");",
              "err": {},
              "uuid": "2434d40c-b2ba-4caa-976f-5b55bbfb5b5c",
              "parentUUID": "2d022aec-db93-49dc-89f9-ad5823a4367c",
              "isHook": false,
              "skipped": false
            },
            {
              "title": "'Forgot password' validation",
              "fullTitle": "Login tests 'Forgot password' validation",
              "timedOut": null,
              "duration": 2975,
              "state": "passed",
              "speed": "fast",
              "pass": true,
              "fail": false,
              "pending": false,
              "context": null,
              "code": "cy.visit(\"/\");\ncy.contains(\"Auth\").click();\ncy.contains(\"Login\").click();\n_loginPage.default.elements.forgotPass().click();\n_loginPage.default.elements.emailInput().click();\ncy.contains(\"Forgot Password\").click();\ncy.get('.caption').should('have.text', ' Email is required! ');\n_loginPage.default.elements.emailInput().type('new');\ncy.contains(\"Forgot Password\").click();\ncy.get('.caption').should('have.text', ' Email should be the real one! ');",
              "err": {},
              "uuid": "df6caf6e-b706-4a36-9612-49b0647142e9",
              "parentUUID": "2d022aec-db93-49dc-89f9-ad5823a4367c",
              "isHook": false,
              "skipped": false
            }
          ],
          "suites": [],
          "passes": [
            "82753692-1d3a-4a05-b16f-c836cf1fe813",
            "80100b7b-c4c1-4f19-bda8-049825abbbb2",
            "2434d40c-b2ba-4caa-976f-5b55bbfb5b5c",
            "df6caf6e-b706-4a36-9612-49b0647142e9"
          ],
          "failures": [],
          "pending": [],
          "skipped": [],
          "duration": 18666,
          "root": false,
          "rootEmpty": false,
          "_timeout": 2000
        }
      ],
      "passes": [],
      "failures": [],
      "pending": [],
      "skipped": [],
      "duration": 0,
      "root": true,
      "rootEmpty": true,
      "_timeout": 2000
    }
  ],
  "meta": {
    "mocha": {
      "version": "7.0.1"
    },
    "mochawesome": {
      "options": {
        "quiet": false,
        "reportFilename": "mochawesome",
        "saveHtml": false,
        "saveJson": true,
        "consoleReporter": "spec",
        "useInlineDiffs": false,
        "code": true
      },
      "version": "7.1.3"
    },
    "marge": {
      "options": {
        "reportDir": "cypress/results",
        "overwrite": false,
        "html": false,
        "json": true
      },
      "version": "6.2.0"
    }
  }
}